TN:
SF:src\config\data-source.ts
FNF:0
FNH:0
DA:1,3
DA:2,3
DA:3,3
DA:4,3
DA:5,3
DA:7,3
LF:6
LH:6
BRDA:9,0,0,3
BRDA:9,0,1,3
BRF:2
BRH:2
end_of_record
TN:
SF:src\entities\Cart.ts
FN:10,(anonymous_2)
FN:10,(anonymous_3)
FN:14,(anonymous_4)
FN:14,(anonymous_5)
FNF:4
FNH:4
FNDA:3,(anonymous_2)
FNDA:3,(anonymous_3)
FNDA:3,(anonymous_4)
FNDA:3,(anonymous_5)
DA:1,3
DA:2,3
DA:3,3
DA:6,3
DA:8,3
DA:10,3
DA:12,3
DA:14,3
DA:15,3
LF:9
LH:9
BRF:0
BRH:0
end_of_record
TN:
SF:src\entities\CartItem.ts
FN:10,(anonymous_2)
FN:10,(anonymous_3)
FN:13,(anonymous_4)
FNF:3
FNH:3
FNDA:3,(anonymous_2)
FNDA:3,(anonymous_3)
FNDA:3,(anonymous_4)
DA:1,3
DA:2,3
DA:3,3
DA:6,3
DA:8,3
DA:10,3
DA:11,3
DA:13,3
DA:14,3
DA:17,3
LF:10
LH:10
BRF:0
BRH:0
end_of_record
TN:
SF:src\entities\Product.ts
FNF:0
FNH:0
DA:1,3
DA:4,3
DA:6,3
DA:9,3
DA:12,3
DA:15,3
DA:18,3
DA:21,3
LF:8
LH:8
BRF:0
BRH:0
end_of_record
TN:
SF:src\entities\User.ts
FN:18,(anonymous_2)
FN:18,(anonymous_3)
FNF:2
FNH:2
FNDA:3,(anonymous_2)
FNDA:3,(anonymous_3)
DA:1,3
DA:2,3
DA:5,3
DA:7,3
DA:10,3
DA:13,3
DA:16,3
DA:18,3
DA:19,3
LF:9
LH:9
BRF:0
BRH:0
end_of_record
TN:
SF:src\services\AuthService.ts
FN:13,(anonymous_2)
FN:28,(anonymous_3)
FNF:2
FNH:2
FNDA:8,(anonymous_2)
FNDA:2,(anonymous_3)
DA:1,2
DA:2,2
DA:3,2
DA:4,2
DA:5,2
DA:7,2
DA:10,2
DA:11,5
DA:14,8
DA:15,8
DA:16,1
DA:19,7
DA:20,7
DA:22,7
DA:23,7
DA:25,7
DA:29,2
DA:30,2
DA:31,0
DA:34,2
DA:35,2
DA:36,1
DA:39,1
DA:41,1
LF:24
LH:23
BRDA:7,0,0,2
BRDA:7,0,1,2
BRDA:15,1,0,1
BRDA:15,1,1,7
BRDA:30,2,0,0
BRDA:30,2,1,2
BRDA:35,3,0,1
BRDA:35,3,1,1
BRF:8
BRH:7
end_of_record
TN:
SF:src\services\CartService.ts
FN:13,(anonymous_1)
FN:30,(anonymous_2)
FN:47,(anonymous_3)
FN:57,(anonymous_4)
FN:67,(anonymous_5)
FN:76,(anonymous_6)
FN:83,(anonymous_7)
FNF:7
FNH:5
FNDA:5,(anonymous_1)
FNDA:2,(anonymous_2)
FNDA:0,(anonymous_3)
FNDA:0,(anonymous_4)
FNDA:3,(anonymous_5)
FNDA:1,(anonymous_6)
FNDA:2,(anonymous_7)
DA:1,1
DA:2,1
DA:3,1
DA:4,1
DA:5,1
DA:8,1
DA:9,1
DA:10,1
DA:11,1
DA:14,5
DA:19,5
DA:20,3
DA:21,3
DA:22,3
DA:25,5
DA:26,5
DA:27,0
DA:30,5
DA:32,5
DA:33,1
DA:34,1
DA:36,4
DA:41,4
DA:44,5
DA:48,0
DA:53,0
DA:54,0
DA:57,0
DA:59,0
DA:60,0
DA:63,0
DA:64,0
DA:68,3
DA:73,3
DA:77,1
DA:79,1
DA:80,0
DA:83,1
DA:84,2
DA:87,1
LF:40
LH:30
BRDA:13,0,0,0
BRDA:19,1,0,3
BRDA:19,1,1,2
BRDA:26,2,0,0
BRDA:26,2,1,5
BRDA:32,3,0,1
BRDA:32,3,1,4
BRDA:53,4,0,0
BRDA:53,4,1,0
BRDA:53,5,0,0
BRDA:53,5,1,0
BRDA:59,6,0,0
BRDA:59,6,1,0
BRDA:73,7,0,3
BRDA:73,7,1,0
BRDA:79,8,0,0
BRDA:79,8,1,1
BRDA:79,9,0,1
BRDA:79,9,1,1
BRF:19
BRH:9
end_of_record
TN:
SF:src\services\ProductService.ts
FN:9,(anonymous_1)
FN:14,(anonymous_2)
FN:18,(anonymous_3)
FNF:3
FNH:1
FNDA:5,(anonymous_1)
FNDA:0,(anonymous_2)
FNDA:0,(anonymous_3)
DA:1,2
DA:2,2
DA:3,2
DA:6,2
DA:7,2
DA:10,5
DA:11,5
DA:15,0
DA:19,0
LF:9
LH:7
BRF:0
BRH:0
end_of_record
